<?xml version="1.0" encoding="UTF-8"?>
<!-- Generated by org.testng.reporters.JUnitXMLReporter -->
<testsuite ignored="0" hostname="DESKTOP-DCTEAPV" failures="0" tests="5" name="Default test" time="23.79" errors="0" timestamp="2025-05-17T16:07:16 IST">
  <testcase classname="tests.UserRegistrationTest" name="adminlogin" time="0.9"/>
  <testcase classname="tests.UserRegistrationTest" name="adduser" time="5.409"/>
  <testcase classname="tests.UserRegistrationTest" name="adduser" time="5.237"/>
  <testcase classname="tests.UserRegistrationTest" name="verifyUser" time="3.002"/>
  <testcase classname="tests.UserRegistrationTest" name="verifyUser" time="3.133"/>
</testsuite> <!-- Default test -->
