<?xml version="1.0" encoding="UTF-8"?>
<!-- Generated by org.testng.reporters.JUnitXMLReporter -->
<testsuite ignored="0" hostname="DESKTOP-DCTEAPV" failures="0" tests="3" name="Default test" time="343.915" errors="0" timestamp="2025-06-23T13:16:57 IST">
  <testcase classname="tests.L_CommandsTest" name="adminlogin" time="2.725"/>
  <testcase classname="tests.L_CommandsTest" name="commandsTests" time="254.611"/>
  <testcase classname="tests.L_CommandsTest" name="commandsFunTests" time="78.472"/>
</testsuite> <!-- Default test -->
