<?xml version="1.0" encoding="UTF-8"?>
<!-- Generated by org.testng.reporters.JUnitXMLReporter -->
<testsuite ignored="4" hostname="DESKTOP-DCTEAPV" failures="2" tests="3" name="reggression" time="15.226" errors="0" timestamp="2025-05-19T10:18:03 IST">
  <testcase classname="tests.UserRegistrationTest" name="adminlogin" time="3.723"/>
  <testcase classname="tests.UserRegistrationTest" name="verifyUser" time="3.601">
    <failure type="java.lang.AssertionError" message="The following asserts failed:
	Soft assert failed expected [hai] but found [haia]">
      <![CDATA[java.lang.AssertionError: The following asserts failed:
Soft assert failed expected [hai] but found [haia]
at tests.UserRegistrationTest.verifyUser(UserRegistrationTest.java:86)
at java.base/java.util.ArrayList.forEach(ArrayList.java:1511)
... Removed 29 stack frames]]>
    </failure>
  </testcase> <!-- verifyUser -->
  <testcase classname="tests.UserRegistrationTest" name="verifyUser" time="3.144">
    <failure type="java.lang.AssertionError" message="The following asserts failed:
	Soft assert failed expected [hai] but found [haia]">
      <![CDATA[java.lang.AssertionError: The following asserts failed:
Soft assert failed expected [hai] but found [haia]
at tests.UserRegistrationTest.verifyUser(UserRegistrationTest.java:86)
at java.base/java.util.ArrayList.forEach(ArrayList.java:1511)
... Removed 29 stack frames]]>
    </failure>
  </testcase> <!-- verifyUser -->
  <testcase classname="base.TestBase" name="@AfterTest tearDown" time="0.0">
    <ignored/>
  </testcase> <!-- @AfterTest tearDown -->
  <testcase classname="tests.UserRegistrationTest" name="adduser" time="0.0">
    <ignored/>
  </testcase> <!-- adduser -->
  <testcase classname="base.TestBase" name="@BeforeTest setUp" time="0.0">
    <ignored/>
  </testcase> <!-- @BeforeTest setUp -->
  <testcase classname="tests.LoginTest" name="LoginFunc" time="0.0">
    <ignored/>
  </testcase> <!-- LoginFunc -->
</testsuite> <!-- reggression -->
