<?xml version="1.0" encoding="UTF-8"?>
<!-- Generated by org.testng.reporters.JUnitXMLReporter -->
<testsuite ignored="37" hostname="DESKTOP-DCTEAPV" failures="0" tests="35" name="reggression" time="990.447" errors="0" timestamp="2025-06-23T14:29:23 IST">
  <testcase classname="tests.B_UserRegistrationTest" name="adminlogin" time="0.58"/>
  <testcase classname="tests.B_UserRegistrationTest" name="adduser" time="7.803"/>
  <testcase classname="tests.B_UserRegistrationTest" name="adduser" time="7.744"/>
  <testcase classname="tests.B_UserRegistrationTest" name="verifyUser" time="4.451"/>
  <testcase classname="tests.B_UserRegistrationTest" name="verifyUser" time="5.252"/>
  <testcase classname="tests.C_SystemConfigTest" name="editSysConf" time="19.368"/>
  <testcase classname="tests.C_SystemConfigTest" name="editSysConf" time="18.882"/>
  <testcase classname="tests.C_SystemConfigTest" name="editSysConf" time="19.053"/>
  <testcase classname="tests.C_SystemConfigTest" name="editSysConf" time="19.226"/>
  <testcase classname="tests.C_SystemConfigTest" name="editSysConf" time="19.613"/>
  <testcase classname="tests.D_RCTest" name="editRC" time="12.454"/>
  <testcase classname="tests.D_RCTest" name="editRC" time="12.686"/>
  <testcase classname="tests.D_RCTest" name="editRC" time="13.215"/>
  <testcase classname="tests.D_RCTest" name="editRC" time="12.666"/>
  <testcase classname="tests.D_RCTest" name="editRC" time="12.803"/>
  <testcase classname="tests.D_RCTest" name="addRC" time="7.11"/>
  <testcase classname="tests.D_RCTest" name="addRC" time="7.449"/>
  <testcase classname="tests.D_RCTest" name="addRC" time="7.463"/>
  <testcase classname="tests.D_RCTest" name="addRC" time="7.559"/>
  <testcase classname="tests.D_RCTest" name="addRC" time="7.683"/>
  <testcase classname="tests.E_CardGroupTest" name="addCG" time="15.854"/>
  <testcase classname="tests.E_CardGroupTest" name="editCG" time="40.631"/>
  <testcase classname="tests.E_CardGroupTest" name="editCG" time="40.452"/>
  <testcase classname="tests.E_CardGroupTest" name="editCG" time="40.252"/>
  <testcase classname="tests.E_CardGroupTest" name="editCG" time="40.015"/>
  <testcase classname="tests.E_CardGroupTest" name="editCG" time="41.677"/>
  <testcase classname="tests.F_DGTest" name="editDG" time="13.574"/>
  <testcase classname="tests.F_DGTest" name="editDG" time="13.806"/>
  <testcase classname="tests.F_DGTest" name="editDG" time="14.175"/>
  <testcase classname="tests.G_AlphaNodeTest" name="addTestAlphaNode" time="36.081"/>
  <testcase classname="tests.G_AlphaNodeTest" name="editTestAlphaNode" time="29.406"/>
  <testcase classname="tests.I_NodeAppTest" name="testingNodeApp" time="88.978"/>
  <testcase classname="tests.J_InterchangesTest" name="addNodeApp" time="48.275"/>
  <testcase classname="tests.K_RoutesTest" name="editRoutes" time="34.342"/>
  <testcase classname="tests.L_CommandsTest" name="commandsTests" time="250.999"/>
  <testcase classname="base.TestBase" name="@AfterTest tearDown" time="0.0">
    <ignored/>
  </testcase> <!-- @AfterTest tearDown -->
  <testcase classname="base.TestBase" name="@AfterTest tearDown" time="0.0">
    <ignored/>
  </testcase> <!-- @AfterTest tearDown -->
  <testcase classname="tests.G_AlphaNodeTest" name="addAlphaNodes" time="0.0">
    <ignored/>
  </testcase> <!-- addAlphaNodes -->
  <testcase classname="tests.I_NodeAppTest" name="addNodeApp" time="0.0">
    <ignored/>
  </testcase> <!-- addNodeApp -->
  <testcase classname="base.TestBase" name="@AfterTest tearDown" time="0.0">
    <ignored/>
  </testcase> <!-- @AfterTest tearDown -->
  <testcase classname="tests.E_CardGroupTest" name="binConfigurationCMSCardGroup" time="0.0">
    <ignored/>
  </testcase> <!-- binConfigurationCMSCardGroup -->
  <testcase classname="tests.F_DGTest" name="adminlogin" time="0.0">
    <ignored/>
  </testcase> <!-- adminlogin -->
  <testcase classname="tests.I_NodeAppTest" name="addNodeAppConnections" time="0.0">
    <ignored/>
  </testcase> <!-- addNodeAppConnections -->
  <testcase classname="tests.I_NodeAppTest" name="adminlogin" time="0.0">
    <ignored/>
  </testcase> <!-- adminlogin -->
  <testcase classname="tests.G_AlphaNodeTest" name="truncateDBTablesOfAlphaNode" time="0.0">
    <ignored/>
  </testcase> <!-- truncateDBTablesOfAlphaNode -->
  <testcase classname="tests.B_UserRegistrationTest" name="failTest" time="0.0">
    <ignored/>
  </testcase> <!-- failTest -->
  <testcase classname="tests.E_CardGroupTest" name="adminlogin" time="0.0">
    <ignored/>
  </testcase> <!-- adminlogin -->
  <testcase classname="tests.L_CommandsTest" name="adminlogin" time="0.0">
    <ignored/>
  </testcase> <!-- adminlogin -->
  <testcase classname="base.TestBase" name="@BeforeTest setUp" time="0.0">
    <ignored/>
  </testcase> <!-- @BeforeTest setUp -->
  <testcase classname="tests.K_RoutesTest" name="adminlogin" time="0.0">
    <ignored/>
  </testcase> <!-- adminlogin -->
  <testcase classname="base.TestBase" name="@BeforeTest setUp" time="0.0">
    <ignored/>
  </testcase> <!-- @BeforeTest setUp -->
  <testcase classname="base.TestBase" name="@AfterTest tearDown" time="0.0">
    <ignored/>
  </testcase> <!-- @AfterTest tearDown -->
  <testcase classname="tests.B_UserRegistrationTest" name="failit" time="0.0">
    <ignored/>
  </testcase> <!-- failit -->
  <testcase classname="base.TestBase" name="@AfterTest tearDown" time="0.0">
    <ignored/>
  </testcase> <!-- @AfterTest tearDown -->
  <testcase classname="tests.J_InterchangesTest" name="adminlogin" time="0.0">
    <ignored/>
  </testcase> <!-- adminlogin -->
  <testcase classname="tests.J_InterchangesTest" name="addNodeApp" time="0.0">
    <ignored/>
  </testcase> <!-- addNodeApp -->
  <testcase classname="base.TestBase" name="@BeforeTest setUp" time="0.0">
    <ignored/>
  </testcase> <!-- @BeforeTest setUp -->
  <testcase classname="base.TestBase" name="@BeforeTest setUp" time="0.0">
    <ignored/>
  </testcase> <!-- @BeforeTest setUp -->
  <testcase classname="base.TestBase" name="@AfterTest tearDown" time="0.0">
    <ignored/>
  </testcase> <!-- @AfterTest tearDown -->
  <testcase classname="base.TestBase" name="@BeforeTest setUp" time="0.0">
    <ignored/>
  </testcase> <!-- @BeforeTest setUp -->
  <testcase classname="base.TestBase" name="@BeforeTest setUp" time="0.0">
    <ignored/>
  </testcase> <!-- @BeforeTest setUp -->
  <testcase classname="tests.E_CardGroupTest" name="truncateDBTablesOfBins" time="0.0">
    <ignored/>
  </testcase> <!-- truncateDBTablesOfBins -->
  <testcase classname="base.TestBase" name="@BeforeTest setUp" time="0.0">
    <ignored/>
  </testcase> <!-- @BeforeTest setUp -->
  <testcase classname="base.TestBase" name="@AfterTest tearDown" time="0.0">
    <ignored/>
  </testcase> <!-- @AfterTest tearDown -->
  <testcase classname="base.TestBase" name="@BeforeTest setUp" time="0.0">
    <ignored/>
  </testcase> <!-- @BeforeTest setUp -->
  <testcase classname="tests.L_CommandsTest" name="commandsFunTests" time="0.0">
    <ignored/>
  </testcase> <!-- commandsFunTests -->
  <testcase classname="base.TestBase" name="@AfterTest tearDown" time="0.0">
    <ignored/>
  </testcase> <!-- @AfterTest tearDown -->
  <testcase classname="tests.C_SystemConfigTest" name="adminlogin" time="0.0">
    <ignored/>
  </testcase> <!-- adminlogin -->
  <testcase classname="base.TestBase" name="@BeforeTest setUp" time="0.0">
    <ignored/>
  </testcase> <!-- @BeforeTest setUp -->
  <testcase classname="base.TestBase" name="@AfterTest tearDown" time="0.0">
    <ignored/>
  </testcase> <!-- @AfterTest tearDown -->
  <testcase classname="tests.D_RCTest" name="adminlogin" time="0.0">
    <ignored/>
  </testcase> <!-- adminlogin -->
  <testcase classname="tests.G_AlphaNodeTest" name="adminlogin" time="0.0">
    <ignored/>
  </testcase> <!-- adminlogin -->
</testsuite> <!-- reggression -->
