<?xml version="1.0" encoding="UTF-8"?>
<testng-results ignored="0" total="1" passed="1" failed="0" skipped="0">
  <reporter-output>
  </reporter-output>
  <suite started-at="2025-05-06T10:19:04 IST" name="Default suite" finished-at="2025-05-06T10:19:29 IST" duration-ms="25672">
    <groups>
    </groups>
    <test started-at="2025-05-06T10:19:04 IST" name="Default test" finished-at="2025-05-06T10:19:29 IST" duration-ms="25672">
      <class name="tests.LoginTest">
        <test-method is-config="true" signature="setUp()[pri:0, instance:tests.LoginTest@dd05255]" started-at="2025-05-06T10:19:04 IST" name="setUp" finished-at="2025-05-06T10:19:20 IST" duration-ms="16399" status="PASS">
          <reporter-output>
          </reporter-output>
        </test-method> <!-- setUp -->
        <test-method signature="LoginFunc()[pri:0, instance:tests.LoginTest@dd05255]" started-at="2025-05-06T10:19:20 IST" name="LoginFunc" finished-at="2025-05-06T10:19:28 IST" duration-ms="7883" status="PASS">
          <reporter-output>
          </reporter-output>
        </test-method> <!-- LoginFunc -->
        <test-method is-config="true" signature="tearDown()[pri:0, instance:tests.LoginTest@dd05255]" started-at="2025-05-06T10:19:28 IST" name="tearDown" finished-at="2025-05-06T10:19:29 IST" duration-ms="1273" status="PASS">
          <reporter-output>
          </reporter-output>
        </test-method> <!-- tearDown -->
      </class> <!-- tests.LoginTest -->
    </test> <!-- Default test -->
  </suite> <!-- Default suite -->
</testng-results>
