<?xml version="1.0" encoding="UTF-8"?>
<testng-results ignored="0" total="4" passed="4" failed="0" skipped="0">
  <reporter-output>
  </reporter-output>
  <suite started-at="2025-05-10T11:22:44 IST" name="Default suite" finished-at="2025-05-10T11:23:44 IST" duration-ms="59395">
    <groups>
    </groups>
    <test started-at="2025-05-10T11:22:44 IST" name="Default test" finished-at="2025-05-10T11:23:44 IST" duration-ms="59395">
      <class name="tests.LoginTest">
        <test-method is-config="true" signature="setUp()[pri:0, instance:tests.LoginTest@dd05255]" started-at="2025-05-10T11:22:50 IST" name="setUp" finished-at="2025-05-10T11:23:13 IST" duration-ms="22658" status="PASS">
          <reporter-output>
          </reporter-output>
        </test-method> <!-- setUp -->
        <test-method signature="LoginFunc(java.lang.String,java.lang.String)[pri:0, instance:tests.LoginTest@dd05255]" started-at="2025-05-10T11:23:13 IST" name="LoginFunc" data-provider="loginData" finished-at="2025-05-10T11:23:16 IST" duration-ms="3380" status="PASS">
          <params>
            <param index="0">
              <value>
                <![CDATA[admin1]]>
              </value>
            </param>
            <param index="1">
              <value>
                <![CDATA[useradmin]]>
              </value>
            </param>
          </params>
          <reporter-output>
          </reporter-output>
        </test-method> <!-- LoginFunc -->
        <test-method is-config="true" signature="tearDown()[pri:0, instance:tests.LoginTest@dd05255]" started-at="2025-05-10T11:23:16 IST" name="tearDown" finished-at="2025-05-10T11:23:17 IST" duration-ms="1163" status="PASS">
          <reporter-output>
          </reporter-output>
        </test-method> <!-- tearDown -->
        <test-method is-config="true" signature="setUp()[pri:0, instance:tests.LoginTest@dd05255]" started-at="2025-05-10T11:23:17 IST" name="setUp" finished-at="2025-05-10T11:23:21 IST" duration-ms="3398" status="PASS">
          <reporter-output>
          </reporter-output>
        </test-method> <!-- setUp -->
        <test-method signature="LoginFunc(java.lang.String,java.lang.String)[pri:0, instance:tests.LoginTest@dd05255]" started-at="2025-05-10T11:23:21 IST" name="LoginFunc" data-provider="loginData" finished-at="2025-05-10T11:23:25 IST" duration-ms="4257" status="PASS">
          <params>
            <param index="0">
              <value>
                <![CDATA[admin]]>
              </value>
            </param>
            <param index="1">
              <value>
                <![CDATA[useadmin1]]>
              </value>
            </param>
          </params>
          <reporter-output>
          </reporter-output>
        </test-method> <!-- LoginFunc -->
        <test-method is-config="true" signature="tearDown()[pri:0, instance:tests.LoginTest@dd05255]" started-at="2025-05-10T11:23:25 IST" name="tearDown" finished-at="2025-05-10T11:23:25 IST" duration-ms="416" status="PASS">
          <reporter-output>
          </reporter-output>
        </test-method> <!-- tearDown -->
        <test-method is-config="true" signature="setUp()[pri:0, instance:tests.LoginTest@dd05255]" started-at="2025-05-10T11:23:25 IST" name="setUp" finished-at="2025-05-10T11:23:29 IST" duration-ms="3824" status="PASS">
          <reporter-output>
          </reporter-output>
        </test-method> <!-- setUp -->
        <test-method signature="LoginFunc(java.lang.String,java.lang.String)[pri:0, instance:tests.LoginTest@dd05255]" started-at="2025-05-10T11:23:29 IST" name="LoginFunc" data-provider="loginData" finished-at="2025-05-10T11:23:31 IST" duration-ms="2186" status="PASS">
          <params>
            <param index="0">
              <value>
                <![CDATA[admina]]>
              </value>
            </param>
            <param index="1">
              <value>
                <![CDATA[useradmina]]>
              </value>
            </param>
          </params>
          <reporter-output>
          </reporter-output>
        </test-method> <!-- LoginFunc -->
        <test-method is-config="true" signature="tearDown()[pri:0, instance:tests.LoginTest@dd05255]" started-at="2025-05-10T11:23:31 IST" name="tearDown" finished-at="2025-05-10T11:23:32 IST" duration-ms="883" status="PASS">
          <reporter-output>
          </reporter-output>
        </test-method> <!-- tearDown -->
        <test-method is-config="true" signature="setUp()[pri:0, instance:tests.LoginTest@dd05255]" started-at="2025-05-10T11:23:32 IST" name="setUp" finished-at="2025-05-10T11:23:36 IST" duration-ms="3601" status="PASS">
          <reporter-output>
          </reporter-output>
        </test-method> <!-- setUp -->
        <test-method signature="LoginFunc(java.lang.String,java.lang.String)[pri:0, instance:tests.LoginTest@dd05255]" started-at="2025-05-10T11:23:36 IST" name="LoginFunc" data-provider="loginData" finished-at="2025-05-10T11:23:43 IST" duration-ms="7177" status="PASS">
          <params>
            <param index="0">
              <value>
                <![CDATA[admin]]>
              </value>
            </param>
            <param index="1">
              <value>
                <![CDATA[useradmin]]>
              </value>
            </param>
          </params>
          <reporter-output>
          </reporter-output>
        </test-method> <!-- LoginFunc -->
        <test-method is-config="true" signature="tearDown()[pri:0, instance:tests.LoginTest@dd05255]" started-at="2025-05-10T11:23:43 IST" name="tearDown" finished-at="2025-05-10T11:23:44 IST" duration-ms="550" status="PASS">
          <reporter-output>
          </reporter-output>
        </test-method> <!-- tearDown -->
      </class> <!-- tests.LoginTest -->
    </test> <!-- Default test -->
  </suite> <!-- Default suite -->
</testng-results>
